[ 29-12-2024 02:04:09 PM ] root - INFO - 
[ 29-12-2024 02:29:02 PM ] root - INFO - 
[ 29-12-2024 02:29:02 PM ] gtts.lang - WARNING - 'en-in' has been deprecated, falling back to 'en'. This fallback will be removed in a future version.
[ 29-12-2024 02:35:40 PM ] root - INFO - 
[ 29-12-2024 03:09:16 PM ] root - INFO - 400 API key not valid. Please pass a valid API key. [reason: "API_KEY_INVALID"
domain: "googleapis.com"
metadata {
  key: "service"
  value: "generativelanguage.googleapis.com"
}
, locale: "en-US"
message: "API key not valid. Please pass a valid API key."
]
[ 29-12-2024 03:10:22 PM ] root - INFO - 
[ 29-12-2024 03:11:03 PM ] root - INFO - 400 API key not valid. Please pass a valid API key. [reason: "API_KEY_INVALID"
domain: "googleapis.com"
metadata {
  key: "service"
  value: "generativelanguage.googleapis.com"
}
, locale: "en-US"
message: "API key not valid. Please pass a valid API key."
]
[ 29-12-2024 03:18:59 PM ] root - INFO - 
[ 29-12-2024 03:49:22 PM ] root - INFO - Application Starting...
[ 29-12-2024 03:50:37 PM ] root - INFO - Application Starting...
[ 29-12-2024 03:55:53 PM ] root - INFO - Application Starting...
[ 29-12-2024 03:56:50 PM ] root - INFO - Application Starting...
[ 29-12-2024 04:00:58 PM ] root - INFO - Application Starting...
[ 29-12-2024 04:01:12 PM ] root - INFO - Application Starting...
[ 29-12-2024 04:04:17 PM ] root - INFO - Application Starting...
[ 29-12-2024 04:04:18 PM ] root - INFO - Application Starting...
[ 29-12-2024 04:04:20 PM ] root - INFO - Application Starting...
[ 29-12-2024 04:04:23 PM ] root - INFO - Application Starting...
[ 29-12-2024 04:04:23 PM ] root - INFO - Application Starting...
[ 29-12-2024 04:04:24 PM ] root - INFO - Application Starting...
[ 29-12-2024 04:04:24 PM ] root - INFO - Application Starting...
[ 29-12-2024 04:04:25 PM ] root - INFO - Application Starting...
[ 29-12-2024 04:04:25 PM ] root - INFO - Application Starting...
[ 29-12-2024 04:04:25 PM ] root - INFO - Application Starting...
[ 29-12-2024 04:04:27 PM ] root - INFO - Application Starting...
[ 29-12-2024 04:04:27 PM ] root - INFO - Application Starting...
[ 29-12-2024 04:04:27 PM ] root - INFO - Application Starting...
[ 29-12-2024 04:04:27 PM ] root - INFO - Application Starting...
[ 29-12-2024 04:04:28 PM ] root - INFO - Application Starting...
[ 29-12-2024 04:04:28 PM ] root - INFO - Application Starting...
[ 29-12-2024 04:04:28 PM ] root - INFO - Application Starting...
[ 29-12-2024 04:04:28 PM ] root - INFO - Application Starting...
[ 29-12-2024 04:04:28 PM ] root - INFO - Application Starting...
[ 29-12-2024 04:04:28 PM ] root - INFO - Application Starting...
[ 29-12-2024 04:04:29 PM ] root - INFO - Application Starting...
[ 29-12-2024 04:04:29 PM ] root - INFO - Application Starting...
[ 29-12-2024 04:04:29 PM ] root - INFO - Application Starting...
[ 29-12-2024 04:04:29 PM ] root - INFO - Application Starting...
[ 29-12-2024 04:04:29 PM ] root - INFO - Application Starting...
[ 29-12-2024 04:04:30 PM ] root - INFO - Application Starting...
[ 29-12-2024 04:04:30 PM ] root - INFO - Application Starting...
[ 29-12-2024 04:04:30 PM ] root - INFO - Application Starting...
[ 29-12-2024 04:04:30 PM ] root - INFO - Application Starting...
[ 29-12-2024 04:04:30 PM ] root - INFO - Application Starting...
[ 29-12-2024 04:04:31 PM ] root - INFO - Application Starting...
[ 29-12-2024 04:04:31 PM ] root - INFO - Application Starting...
[ 29-12-2024 04:04:31 PM ] root - INFO - Application Starting...
[ 29-12-2024 04:04:31 PM ] root - INFO - Application Starting...
[ 29-12-2024 04:04:31 PM ] root - INFO - Application Starting...
[ 29-12-2024 04:04:31 PM ] root - INFO - Application Starting...
[ 29-12-2024 04:04:31 PM ] root - INFO - Application Starting...
[ 29-12-2024 04:04:32 PM ] root - INFO - Application Starting...
[ 29-12-2024 04:04:32 PM ] root - INFO - Application Starting...
[ 29-12-2024 04:04:32 PM ] root - INFO - Application Starting...
[ 29-12-2024 04:04:32 PM ] root - INFO - Application Starting...
[ 29-12-2024 04:04:32 PM ] root - INFO - Application Starting...
[ 29-12-2024 04:04:32 PM ] root - INFO - Application Starting...
[ 29-12-2024 04:04:33 PM ] root - INFO - Application Starting...
[ 29-12-2024 04:04:33 PM ] root - INFO - Application Starting...
[ 29-12-2024 04:04:33 PM ] root - INFO - Application Starting...
[ 29-12-2024 04:04:33 PM ] root - INFO - Application Starting...
[ 29-12-2024 04:04:33 PM ] root - INFO - Application Starting...
[ 29-12-2024 04:04:33 PM ] root - INFO - Application Starting...
[ 29-12-2024 04:04:34 PM ] root - INFO - Application Starting...
[ 29-12-2024 04:04:34 PM ] root - INFO - Application Starting...
[ 29-12-2024 04:04:34 PM ] root - INFO - Application Starting...
[ 29-12-2024 04:04:34 PM ] root - INFO - Application Starting...
[ 29-12-2024 04:04:34 PM ] root - INFO - Application Starting...
[ 29-12-2024 04:04:34 PM ] root - INFO - Application Starting...
[ 29-12-2024 04:04:35 PM ] root - INFO - Application Starting...
[ 29-12-2024 04:04:35 PM ] root - INFO - Application Starting...
[ 29-12-2024 04:04:35 PM ] root - INFO - Application Starting...
[ 29-12-2024 04:04:35 PM ] root - INFO - Application Starting...
[ 29-12-2024 04:04:35 PM ] root - INFO - Application Starting...
[ 29-12-2024 04:04:36 PM ] root - INFO - Application Starting...
[ 29-12-2024 04:04:36 PM ] root - INFO - Application Starting...
[ 29-12-2024 04:04:36 PM ] root - INFO - Application Starting...
[ 29-12-2024 04:04:36 PM ] root - INFO - Application Starting...
[ 29-12-2024 04:07:35 PM ] root - INFO - Application Starting...
[ 29-12-2024 04:07:37 PM ] root - INFO - Application Starting...
[ 29-12-2024 04:07:59 PM ] root - INFO - Application Starting...
[ 29-12-2024 04:10:24 PM ] root - INFO - Application Starting...
[ 29-12-2024 04:10:31 PM ] root - INFO - Application Starting...
[ 29-12-2024 04:10:45 PM ] root - INFO - Application Starting...
[ 29-12-2024 04:10:59 PM ] root - INFO - Application Starting...
[ 29-12-2024 04:12:15 PM ] root - INFO - Application Starting...
[ 29-12-2024 04:12:16 PM ] root - INFO - Application Starting...
[ 29-12-2024 04:12:21 PM ] root - INFO - Application Starting...
[ 29-12-2024 04:12:32 PM ] root - INFO - Application Starting...
[ 29-12-2024 04:17:28 PM ] root - INFO - Application Starting...
[ 29-12-2024 04:17:33 PM ] root - INFO - Application Starting...
[ 29-12-2024 04:24:58 PM ] root - INFO - Application Starting...
[ 29-12-2024 04:28:43 PM ] root - INFO - Application Starting...
[ 29-12-2024 04:29:14 PM ] root - INFO - Application Starting...
[ 29-12-2024 04:33:51 PM ] root - INFO - Application Starting...
[ 29-12-2024 04:34:00 PM ] root - INFO - Application Starting...
[ 29-12-2024 04:34:33 PM ] root - INFO - Application Starting...
[ 29-12-2024 04:36:46 PM ] root - INFO - Application Starting...
[ 29-12-2024 04:42:43 PM ] root - INFO - Application Starting...
[ 29-12-2024 04:43:05 PM ] root - INFO - Application Starting...
[ 29-12-2024 04:44:01 PM ] root - INFO - Application Starting...
[ 29-12-2024 04:51:54 PM ] root - INFO - Application Starting...
[ 29-12-2024 04:52:25 PM ] root - INFO - Application Starting...
[ 29-12-2024 05:01:29 PM ] root - INFO - Application Starting...
[ 29-12-2024 06:08:28 PM ] root - INFO - Application Starting...
[ 29-12-2024 06:08:45 PM ] root - INFO - Application Starting...
[ 29-12-2024 06:09:53 PM ] root - INFO - Application Starting...
[ 29-12-2024 06:09:55 PM ] root - INFO - Application Starting...
[ 29-12-2024 06:09:57 PM ] root - INFO - 
[ 29-12-2024 06:09:57 PM ] root - INFO - Application Starting...
[ 29-12-2024 06:11:23 PM ] root - INFO - Application Starting...
[ 29-12-2024 06:15:28 PM ] root - INFO - Application Starting...
[ 29-12-2024 06:16:30 PM ] root - INFO - Application Starting...
[ 29-12-2024 06:27:41 PM ] root - INFO - Application Starting...
[ 29-12-2024 06:27:45 PM ] root - INFO - recognition request failed: Forbidden
[ 29-12-2024 06:28:07 PM ] root - INFO - Application Starting...
[ 29-12-2024 06:28:12 PM ] root - INFO - recognition request failed: Forbidden
[ 29-12-2024 06:28:16 PM ] root - INFO - Application Starting...
[ 29-12-2024 06:28:18 PM ] root - INFO - Application Starting...
[ 29-12-2024 06:28:23 PM ] root - INFO - recognition request failed: Forbidden
[ 29-12-2024 06:28:38 PM ] root - INFO - Application Starting...
[ 29-12-2024 06:28:44 PM ] root - INFO - recognition request failed: Forbidden
[ 29-12-2024 06:31:21 PM ] root - INFO - Application Starting...
[ 29-12-2024 06:31:25 PM ] root - INFO - Application Starting...
[ 29-12-2024 06:31:29 PM ] root - INFO - recognize_legacy() got an unexpected keyword argument 'languages'
[ 29-12-2024 06:31:33 PM ] root - INFO - Application Starting...
[ 29-12-2024 06:31:38 PM ] root - INFO - recognize_legacy() got an unexpected keyword argument 'languages'
[ 29-12-2024 06:31:43 PM ] root - INFO - Application Starting...
[ 29-12-2024 06:31:46 PM ] root - INFO - recognize_legacy() got an unexpected keyword argument 'languages'
[ 29-12-2024 06:32:12 PM ] root - INFO - Application Starting...
[ 29-12-2024 06:32:38 PM ] root - INFO - Application Starting...
[ 29-12-2024 06:33:08 PM ] root - INFO - Application Starting...
[ 29-12-2024 06:33:14 PM ] root - INFO - Application Starting...
[ 29-12-2024 06:33:17 PM ] root - INFO - recognize_legacy() got an unexpected keyword argument 'languages'
[ 29-12-2024 06:33:21 PM ] root - INFO - Application Starting...
[ 29-12-2024 06:33:24 PM ] root - INFO - recognize_legacy() got an unexpected keyword argument 'languages'
[ 29-12-2024 06:33:28 PM ] root - INFO - Application Starting...
[ 29-12-2024 06:33:31 PM ] root - INFO - recognize_legacy() got an unexpected keyword argument 'languages'
[ 29-12-2024 06:33:42 PM ] root - INFO - Application Starting...
[ 29-12-2024 06:33:46 PM ] root - INFO - recognize_legacy() got an unexpected keyword argument 'languages'
[ 29-12-2024 06:33:50 PM ] root - INFO - Application Starting...
[ 29-12-2024 06:33:53 PM ] root - INFO - recognize_legacy() got an unexpected keyword argument 'languages'
[ 29-12-2024 06:33:55 PM ] root - INFO - Application Starting...
[ 29-12-2024 06:34:00 PM ] root - INFO - recognize_legacy() got an unexpected keyword argument 'languages'
[ 29-12-2024 06:48:53 PM ] root - INFO - Application Starting...
[ 29-12-2024 06:48:56 PM ] root - INFO - Application Starting...
[ 29-12-2024 06:56:49 PM ] root - INFO - Application Starting...
[ 29-12-2024 06:57:02 PM ] root - INFO - Application Starting...
[ 29-12-2024 06:58:03 PM ] root - INFO - Application Starting...
[ 29-12-2024 06:58:06 PM ] root - INFO - Application Starting...
[ 29-12-2024 07:00:50 PM ] root - INFO - Application Starting...
[ 29-12-2024 07:01:14 PM ] root - INFO - Application Starting...
[ 29-12-2024 07:03:09 PM ] root - INFO - Application Starting...
[ 29-12-2024 07:03:11 PM ] root - INFO - Application Starting...
[ 29-12-2024 07:03:46 PM ] root - INFO - Application Starting...
[ 29-12-2024 07:03:55 PM ] root - INFO - Application Starting...
[ 29-12-2024 07:23:03 PM ] root - INFO - Application Starting...
[ 29-12-2024 07:24:33 PM ] root - INFO - Application Starting...
[ 29-12-2024 08:11:07 PM ] root - INFO - Application Starting...
[ 29-12-2024 08:11:08 PM ] root - INFO - Application Starting...
[ 29-12-2024 08:12:22 PM ] root - INFO - Application Starting...
[ 07-01-2025 12:35:06 PM ] root - INFO - Application Starting...
[ 07-01-2025 12:35:26 PM ] root - INFO - Application Starting...
[ 07-01-2025 12:36:12 PM ] root - INFO - Application Starting...
[ 07-01-2025 12:36:32 PM ] root - INFO - Application Starting...
[ 07-01-2025 12:39:04 PM ] root - INFO - Application Starting...
[ 07-01-2025 12:40:48 PM ] root - INFO - Application Starting...
[ 07-01-2025 12:40:50 PM ] root - INFO - Application Starting...
[ 07-01-2025 12:42:19 PM ] root - INFO - Application Starting...
[ 07-01-2025 01:05:09 PM ] root - INFO - Error recognizing: 
[ 07-01-2025 01:05:10 PM ] root - INFO - Error recognizing: 
[ 07-01-2025 01:05:10 PM ] root - INFO - Error recognizing: 
[ 07-01-2025 01:05:10 PM ] root - INFO - Error recognizing: 
[ 07-01-2025 01:05:10 PM ] root - INFO - Error recognizing: 
[ 07-01-2025 01:05:11 PM ] root - INFO - Error recognizing: 
[ 07-01-2025 01:05:11 PM ] root - INFO - Error recognizing: 
[ 07-01-2025 01:05:11 PM ] root - INFO - Error recognizing: 
[ 07-01-2025 01:05:11 PM ] root - INFO - Error recognizing: 
[ 07-01-2025 01:05:12 PM ] root - INFO - Error recognizing: 
[ 07-01-2025 01:05:13 PM ] root - INFO - Error recognizing: 
[ 07-01-2025 01:05:13 PM ] root - INFO - Error recognizing: 
